<?xml version="1.0" encoding="UTF-8"?>
<!-- Generated by org.testng.reporters.JUnitReportReporter -->
<testsuite hostname="DESKTOP-41KG1N0" failures="0" tests="1" name="testCases.Login_Testcase" time="15.397" errors="0" timestamp="2024-03-19T16:54:21 IST" skipped="0">
  <testcase classname="testCases.Login_Testcase" name="login" time="15.397"/>
</testsuite> <!-- testCases.Login_Testcase -->
